<?xml version="1.0" encoding="UTF-8"?>
<!-- Generated by org.testng.reporters.JUnitXMLReporter -->
<testsuite hostname="CSOSTAR0105D" ignored="5" name="Chrome" tests="5" failures="0" timestamp="11 Jul 2019 06:13:10 GMT" time="25.771" errors="0">
  <testcase name="m2" time="7.324" classname="TG3.com.demo.testNG.parallelExecution.ParallelExecution"/>
  <testcase name="m5" time="10.013" classname="TG3.com.demo.testNG.parallelExecution.ParallelExecution"/>
  <testcase name="m3" time="21.213" classname="TG3.com.demo.testNG.parallelExecution.ParallelExecution"/>
  <testcase name="m14" time="23.303" classname="TG3.com.demo.testNG.parallelExecution.ParallelExecution"/>
  <testcase name="m1" time="25.735" classname="TG3.com.demo.testNG.parallelExecution.ParallelExecution"/>
  <testcase name="m2" time="0.0" classname="TG3.com.demo.testNG.parallelExecution.ParallelExecution2">
    <ignored/>
  </testcase> <!-- m2 -->
  <testcase name="m4" time="0.0" classname="TG3.com.demo.testNG.parallelExecution.ParallelExecution2">
    <ignored/>
  </testcase> <!-- m4 -->
  <testcase name="m1" time="0.0" classname="TG3.com.demo.testNG.parallelExecution.ParallelExecution2">
    <ignored/>
  </testcase> <!-- m1 -->
  <testcase name="m3" time="0.0" classname="TG3.com.demo.testNG.parallelExecution.ParallelExecution2">
    <ignored/>
  </testcase> <!-- m3 -->
  <testcase name="m5" time="0.0" classname="TG3.com.demo.testNG.parallelExecution.ParallelExecution2">
    <ignored/>
  </testcase> <!-- m5 -->
</testsuite> <!-- Chrome -->
