<?xml version="1.0" encoding="UTF-8"?>
<!-- Generated by org.testng.reporters.JUnitXMLReporter -->
<testsuite hostname="CSOSTAR0105D" ignored="10" tests="0" failures="0" timestamp="23 Jul 2019 06:27:16 GMT" time="0.001" errors="0">
  <testcase name="m2" time="0.0" classname="TG3.com.demo.testNG.parallelExecution.ParallelExecution">
    <ignored/>
  </testcase> <!-- m2 -->
  <testcase name="m1" time="0.0" classname="TG3.com.demo.testNG.parallelExecution.ParallelExecution">
    <ignored/>
  </testcase> <!-- m1 -->
  <testcase name="m2" time="0.0" classname="TG3.com.demo.testNG.parallelExecution.ParallelExecution2">
    <ignored/>
  </testcase> <!-- m2 -->
  <testcase name="m14" time="0.0" classname="TG3.com.demo.testNG.parallelExecution.ParallelExecution">
    <ignored/>
  </testcase> <!-- m14 -->
  <testcase name="m4" time="0.0" classname="TG3.com.demo.testNG.parallelExecution.ParallelExecution2">
    <ignored/>
  </testcase> <!-- m4 -->
  <testcase name="m1" time="0.0" classname="TG3.com.demo.testNG.parallelExecution.ParallelExecution2">
    <ignored/>
  </testcase> <!-- m1 -->
  <testcase name="m3" time="0.0" classname="TG3.com.demo.testNG.parallelExecution.ParallelExecution2">
    <ignored/>
  </testcase> <!-- m3 -->
  <testcase name="m5" time="0.0" classname="TG3.com.demo.testNG.parallelExecution.ParallelExecution2">
    <ignored/>
  </testcase> <!-- m5 -->
  <testcase name="m3" time="0.0" classname="TG3.com.demo.testNG.parallelExecution.ParallelExecution">
    <ignored/>
  </testcase> <!-- m3 -->
  <testcase name="m5" time="0.0" classname="TG3.com.demo.testNG.parallelExecution.ParallelExecution">
    <ignored/>
  </testcase> <!-- m5 -->
</testsuite>
