<?xml version="1.0" encoding="UTF-8"?>
<!-- Generated by org.testng.reporters.JUnitXMLReporter -->
<testsuite hostname="CSOSTAR0105D" ignored="0" name="Default test" tests="5" failures="0" timestamp="21 Jun 2019 09:35:49 GMT" time="0.095" errors="0">
  <testcase name="@BeforeTest returnwd" time="0.0" classname="com.demo.testNG.Random.ParallelExecution">
    <failure type="org.testng.TestNGException" message="
Can inject only one of &amp;lt;ITestContext, XmlTest&amp;gt; into a BeforeTest annotated returnwd.
For more information on native dependency injection please refer to http://testng.org/doc/documentation-main.html#native-dependency-injection">
      <![CDATA[org.testng.TestNGException: 
Can inject only one of <ITestContext, XmlTest> into a BeforeTest annotated returnwd.
For more information on native dependency injection please refer to http://testng.org/doc/documentation-main.html#native-dependency-injection
	at org.testng.internal.Parameters.checkParameterTypes(Parameters.java:244)
	at org.testng.internal.Parameters.createParameters(Parameters.java:172)
	at org.testng.internal.Parameters.createParameters(Parameters.java:458)
	at org.testng.internal.Parameters.createConfigurationParameters(Parameters.java:118)
	at org.testng.internal.Invoker.invokeConfigurations(Invoker.java:206)
	at org.testng.internal.Invoker.invokeConfigurations(Invoker.java:146)
	at org.testng.TestRunner.beforeRun(TestRunner.java:626)
	at org.testng.TestRunner.run(TestRunner.java:594)
	at org.testng.SuiteRunner.runTest(SuiteRunner.java:380)
	at org.testng.SuiteRunner.runSequentially(SuiteRunner.java:375)
	at org.testng.SuiteRunner.privateRun(SuiteRunner.java:340)
	at org.testng.SuiteRunner.run(SuiteRunner.java:289)
	at org.testng.SuiteRunnerWorker.runSuite(SuiteRunnerWorker.java:52)
	at org.testng.SuiteRunnerWorker.run(SuiteRunnerWorker.java:86)
	at org.testng.TestNG.runSuitesSequentially(TestNG.java:1301)
	at org.testng.TestNG.runSuitesLocally(TestNG.java:1226)
	at org.testng.TestNG.runSuites(TestNG.java:1144)
	at org.testng.TestNG.run(TestNG.java:1115)
	at org.testng.remote.AbstractRemoteTestNG.run(AbstractRemoteTestNG.java:114)
	at org.testng.remote.RemoteTestNG.initAndRun(RemoteTestNG.java:251)
	at org.testng.remote.RemoteTestNG.main(RemoteTestNG.java:77)
]]>
    </failure>
  </testcase> <!-- @BeforeTest returnwd -->
  <testcase name="m1" time="0.0" classname="com.demo.testNG.Random.ParallelExecution">
    <skipped/>
  </testcase> <!-- m1 -->
  <testcase name="m2" time="0.0" classname="com.demo.testNG.Random.ParallelExecution">
    <skipped/>
  </testcase> <!-- m2 -->
  <testcase name="m3" time="0.0" classname="com.demo.testNG.Random.ParallelExecution">
    <skipped/>
  </testcase> <!-- m3 -->
  <testcase name="m4" time="0.0" classname="com.demo.testNG.Random.ParallelExecution">
    <skipped/>
  </testcase> <!-- m4 -->
  <testcase name="m5" time="0.0" classname="com.demo.testNG.Random.ParallelExecution">
    <skipped/>
  </testcase> <!-- m5 -->
</testsuite> <!-- Default test -->
