<?xml version="1.0" encoding="UTF-8"?>
<testng-results skipped="0" failed="0" ignored="0" total="1" passed="1">
  <reporter-output>
    <line>
      <![CDATA[Navigated to UrbanPro Site]]>
    </line>
    <line>
      <![CDATA[Clicked on Navigation button]]>
    </line>
    <line>
      <![CDATA[Clicked on Login button]]>
    </line>
    <line>
      <![CDATA[<a href='E:\Grid\TestRunReport\SnapShotOfFailedScenarios\_13.31.20.png'> <img src='file://E:\Grid\TestRunReport\SnapShotOfFailedScenarios\_13.31.20.png' height='300' width='500'/> </a>]]>
    </line>
  </reporter-output>
  <suite name="Suite2" duration-ms="672620" started-at="2019-07-23T07:50:08Z" finished-at="2019-07-23T08:01:21Z">
    <groups>
      <group name="job-2">
        <method signature="TestNGReport.m1()[pri:0, instance:TG4.com.demo.testNG.report.TestNGReport@1d16f93d]" name="m1" class="TG4.com.demo.testNG.report.TestNGReport"/>
      </group> <!-- job-2 -->
    </groups>
    <test name="TestSuite-2" duration-ms="672620" started-at="2019-07-23T07:50:08Z" finished-at="2019-07-23T08:01:21Z">
      <class name="TG4.com.demo.testNG.report.TestNGReport">
        <test-method status="PASS" signature="setup(org.testng.ITestContext)[pri:0, instance:TG4.com.demo.testNG.report.TestNGReport@1d16f93d]" name="setup" is-config="true" duration-ms="6" started-at="2019-07-23T13:20:08Z" finished-at="2019-07-23T13:20:08Z">
          <params>
            <param index="0">
              <value>
                <![CDATA[org.testng.TestRunner@1a1d6a08]]>
              </value>
            </param>
          </params>
          <reporter-output>
          </reporter-output>
        </test-method> <!-- setup -->
        <test-method status="PASS" signature="m1()[pri:0, instance:TG4.com.demo.testNG.report.TestNGReport@1d16f93d]" name="m1" duration-ms="672596" started-at="2019-07-23T13:20:08Z" finished-at="2019-07-23T13:31:21Z">
          <reporter-output>
            <line>
              <![CDATA[Navigated to UrbanPro Site]]>
            </line>
            <line>
              <![CDATA[Clicked on Navigation button]]>
            </line>
            <line>
              <![CDATA[Clicked on Login button]]>
            </line>
            <line>
              <![CDATA[<a href='E:\Grid\TestRunReport\SnapShotOfFailedScenarios\_13.31.20.png'> <img src='file://E:\Grid\TestRunReport\SnapShotOfFailedScenarios\_13.31.20.png' height='300' width='500'/> </a>]]>
            </line>
          </reporter-output>
        </test-method> <!-- m1 -->
      </class> <!-- TG4.com.demo.testNG.report.TestNGReport -->
    </test> <!-- TestSuite-2 -->
  </suite> <!-- Suite2 -->
</testng-results>
