<?xml version="1.0" encoding="UTF-8"?>
<testng-results skipped="0" failed="0" ignored="0" total="1" passed="1">
  <reporter-output>
  </reporter-output>
  <suite name="Default suite" duration-ms="22413" started-at="2019-07-10T12:33:01Z" finished-at="2019-07-10T12:33:24Z">
    <groups>
    </groups>
    <test name="Default test" duration-ms="22413" started-at="2019-07-10T12:33:01Z" finished-at="2019-07-10T12:33:24Z">
      <class name="WD2.com.demo.webdriver.xpath.xpathExamples">
        <test-method status="PASS" signature="launchDriver()[pri:0, instance:WD2.com.demo.webdriver.xpath.xpathExamples@1a968a59]" name="launchDriver" duration-ms="22389" started-at="2019-07-10T18:03:01Z" finished-at="2019-07-10T18:03:24Z">
          <reporter-output>
          </reporter-output>
        </test-method> <!-- launchDriver -->
      </class> <!-- WD2.com.demo.webdriver.xpath.xpathExamples -->
    </test> <!-- Default test -->
  </suite> <!-- Default suite -->
</testng-results>
